2026-04-15 10:08:00,259 p=11257 u=root n=ansible | PLAY [access_switches] **************************************************************************************************************************************************************************
2026-04-15 10:08:00,267 p=11257 u=root n=ansible | TASK [Get VLAN info] ****************************************************************************************************************************************************************************
2026-04-15 10:08:01,579 p=11257 u=root n=ansible | network_os is set to cisco.ios.ios
2026-04-15 10:08:01,637 p=11290 u=root n=p=11290 u=root | paramiko [192.168.0.205] | Connected (version 2.0, client Cisco-1.25)
2026-04-15 10:08:01,890 p=11257 u=root n=ansible | network_os is set to cisco.ios.ios
2026-04-15 10:08:01,928 p=11293 u=root n=p=11293 u=root | paramiko [192.168.0.204] | Connected (version 2.0, client Cisco-1.25)
2026-04-15 10:08:02,004 p=11257 u=root n=ansible | network_os is set to cisco.ios.ios
2026-04-15 10:08:02,023 p=11290 u=root n=p=11290 u=root | paramiko [192.168.0.205] | Auth banner: b'\r\nIOSv - Cisco Systems Confidential -\r\n\r\nSupplemental End User License Restrictions\r\n\r\nThis IOSv software is provided AS-IS without warranty of any kind. Under no circumstances may this software be used separate from the Cisco Modeling Labs Software that this software was provided with, or deployed or used as part of a production environment.\r\n\r\nBy using the software, you agree to abide by the terms and conditions of the Cisco End User License Agreement at http://www.cisco.com/go/eula. Unauthorized use or distribution of this software is expressly prohibited.\r\n'
2026-04-15 10:08:02,033 p=11290 u=root n=p=11290 u=root | paramiko [192.168.0.205] | Authentication (password) successful!
2026-04-15 10:08:02,048 p=11298 u=root n=p=11298 u=root | paramiko [192.168.0.203] | Connected (version 2.0, client Cisco-1.25)
2026-04-15 10:08:02,298 p=11293 u=root n=p=11293 u=root | paramiko [192.168.0.204] | Auth banner: b'\r\nIOSv - Cisco Systems Confidential -\r\n\r\nSupplemental End User License Restrictions\r\n\r\nThis IOSv software is provided AS-IS without warranty of any kind. Under no circumstances may this software be used separate from the Cisco Modeling Labs Software that this software was provided with, or deployed or used as part of a production environment.\r\n\r\nBy using the software, you agree to abide by the terms and conditions of the Cisco End User License Agreement at http://www.cisco.com/go/eula. Unauthorized use or distribution of this software is expressly prohibited.\r\n'
2026-04-15 10:08:02,311 p=11293 u=root n=p=11293 u=root | paramiko [192.168.0.204] | Authentication (password) successful!
2026-04-15 10:08:02,434 p=11298 u=root n=p=11298 u=root | paramiko [192.168.0.203] | Auth banner: b'\r\nIOSv - Cisco Systems Confidential -\r\n\r\nSupplemental End User License Restrictions\r\n\r\nThis IOSv software is provided AS-IS without warranty of any kind. Under no circumstances may this software be used separate from the Cisco Modeling Labs Software that this software was provided with, or deployed or used as part of a production environment.\r\n\r\nBy using the software, you agree to abide by the terms and conditions of the Cisco End User License Agreement at http://www.cisco.com/go/eula. Unauthorized use or distribution of this software is expressly prohibited.\r\n'
2026-04-15 10:08:02,464 p=11298 u=root n=p=11298 u=root | paramiko [192.168.0.203] | Authentication (password) successful!
2026-04-15 10:08:03,669 p=11257 u=root n=ansible | ok: [sw03]
2026-04-15 10:08:03,804 p=11257 u=root n=ansible | ok: [sw02]
2026-04-15 10:08:04,065 p=11257 u=root n=ansible | ok: [sw01]
2026-04-15 10:08:04,075 p=11257 u=root n=ansible | TASK [Check VLAN existence] *********************************************************************************************************************************************************************
2026-04-15 10:08:04,198 p=11257 u=root n=ansible | ok: [sw01]
2026-04-15 10:08:04,223 p=11257 u=root n=ansible | ok: [sw02]
2026-04-15 10:08:04,264 p=11257 u=root n=ansible | ok: [sw03]
2026-04-15 10:08:04,267 p=11257 u=root n=ansible | TASK [Show VLAN check] **************************************************************************************************************************************************************************
2026-04-15 10:08:04,385 p=11257 u=root n=ansible | ok: [sw01] => (item={'id': 40, 'name': 'COSTUMER', 'ports': ['GigabitEthernet0/1']}) => {
    "msg": "40 present: True"
}
2026-04-15 10:08:04,512 p=11257 u=root n=ansible | ok: [sw02] => (item={'id': 40, 'name': 'COSTUMER', 'ports': ['GigabitEthernet0/1']}) => {
    "msg": "40 present: True"
}
2026-04-15 10:08:04,537 p=11257 u=root n=ansible | ok: [sw03] => (item={'id': 40, 'name': 'COSTUMER', 'ports': ['GigabitEthernet0/1']}) => {
    "msg": "40 present: True"
}
2026-04-15 10:08:04,541 p=11257 u=root n=ansible | TASK [Create VLANs] *****************************************************************************************************************************************************************************
2026-04-15 10:08:09,156 p=11257 u=root n=ansible | changed: [sw03] => (item={'id': 40, 'name': 'COSTUMER', 'ports': ['GigabitEthernet0/1']})
2026-04-15 10:08:09,158 p=11257 u=root n=ansible | [WARNING]: To ensure idempotency and correct diff the input configuration lines should be similar to how they appear if present in the running configuration on device

2026-04-15 10:08:09,352 p=11257 u=root n=ansible | changed: [sw01] => (item={'id': 40, 'name': 'COSTUMER', 'ports': ['GigabitEthernet0/1']})
2026-04-15 10:08:09,503 p=11257 u=root n=ansible | changed: [sw02] => (item={'id': 40, 'name': 'COSTUMER', 'ports': ['GigabitEthernet0/1']})
2026-04-15 10:08:09,508 p=11257 u=root n=ansible | TASK [Assign VLANs to interfaces] ***************************************************************************************************************************************************************
2026-04-15 10:08:13,100 p=11257 u=root n=ansible | ok: [sw01] => (item=[{'id': 40, 'name': 'COSTUMER', 'ports': ['GigabitEthernet0/1']}, 'GigabitEthernet0/1'])
2026-04-15 10:08:13,232 p=11257 u=root n=ansible | ok: [sw02] => (item=[{'id': 40, 'name': 'COSTUMER', 'ports': ['GigabitEthernet0/1']}, 'GigabitEthernet0/1'])
2026-04-15 10:08:13,416 p=11257 u=root n=ansible | ok: [sw03] => (item=[{'id': 40, 'name': 'COSTUMER', 'ports': ['GigabitEthernet0/1']}, 'GigabitEthernet0/1'])
2026-04-15 10:08:13,423 p=11257 u=root n=ansible | TASK [Check VLAN exists] ************************************************************************************************************************************************************************
2026-04-15 10:08:14,634 p=11257 u=root n=ansible | ok: [sw02]
2026-04-15 10:08:14,823 p=11257 u=root n=ansible | ok: [sw01]
2026-04-15 10:08:14,901 p=11257 u=root n=ansible | ok: [sw03]
2026-04-15 10:08:14,904 p=11257 u=root n=ansible | TASK [Set VLAN check result] ********************************************************************************************************************************************************************
2026-04-15 10:08:15,001 p=11257 u=root n=ansible | ok: [sw01]
2026-04-15 10:08:15,027 p=11257 u=root n=ansible | ok: [sw02]
2026-04-15 10:08:15,030 p=11257 u=root n=ansible | ok: [sw03]
2026-04-15 10:08:15,033 p=11257 u=root n=ansible | TASK [Check port VLAN] **************************************************************************************************************************************************************************
2026-04-15 10:08:16,256 p=11257 u=root n=ansible | ok: [sw01]
2026-04-15 10:08:16,534 p=11257 u=root n=ansible | ok: [sw03]
2026-04-15 10:08:16,644 p=11257 u=root n=ansible | ok: [sw02]
2026-04-15 10:08:16,648 p=11257 u=root n=ansible | TASK [Set port check result] ********************************************************************************************************************************************************************
2026-04-15 10:08:16,746 p=11257 u=root n=ansible | ok: [sw02]
2026-04-15 10:08:16,758 p=11257 u=root n=ansible | ok: [sw01]
2026-04-15 10:08:16,807 p=11257 u=root n=ansible | ok: [sw03]
2026-04-15 10:08:16,810 p=11257 u=root n=ansible | TASK [FINAL RESULT] *****************************************************************************************************************************************************************************
2026-04-15 10:08:16,896 p=11257 u=root n=ansible | ok: [sw01] => {
    "msg": "sw01: PASS"
}
2026-04-15 10:08:16,905 p=11257 u=root n=ansible | ok: [sw02] => {
    "msg": "sw02: PASS"
}
2026-04-15 10:08:16,935 p=11257 u=root n=ansible | ok: [sw03] => {
    "msg": "sw03: PASS"
}
2026-04-15 10:08:16,941 p=11257 u=root n=ansible | PLAY RECAP **************************************************************************************************************************************************************************************
2026-04-15 10:08:16,942 p=11257 u=root n=ansible | sw01                       : ok=10   changed=1    unreachable=0    failed=0    skipped=0    rescued=0    ignored=0   
2026-04-15 10:08:16,942 p=11257 u=root n=ansible | sw02                       : ok=10   changed=1    unreachable=0    failed=0    skipped=0    rescued=0    ignored=0   
2026-04-15 10:08:16,942 p=11257 u=root n=ansible | sw03                       : ok=10   changed=1    unreachable=0    failed=0    skipped=0    rescued=0    ignored=0   
2026-04-15 10:08:17,038 p=11290 u=root n=ansible | shutdown complete
2026-04-15 10:08:17,041 p=11293 u=root n=ansible | shutdown complete
2026-04-15 10:08:17,047 p=11298 u=root n=ansible | shutdown complete
2026-04-15 10:13:51,460 p=12861 u=root n=ansible | ERROR! the playbook: playbooks/vlan_mop.yml could not be found
2026-04-15 10:14:21,794 p=12983 u=root n=ansible | ERROR! Unable to retrieve file contents
Could not find or access '/root/networking-ansible-lab/playbooks/roles/vlan_lifecycle/tasks/precheck.yml' on the Ansible Controller.
If you are using a module and expect the file to exist on the remote, see the remote_src option
2026-04-15 10:16:01,892 p=13394 u=root n=ansible | playbook: playbooks/mop/vlan_mop.yml
2026-04-15 10:16:36,178 p=13555 u=root n=ansible | playbook: playbooks/mop/vlan_mop.yml
2026-04-15 10:17:13,693 p=13694 u=root n=ansible | ERROR! Unable to retrieve file contents
Could not find or access '/root/networking-ansible-lab/playbooks/roles/vlan_lifecycle/tasks/precheck.yml' on the Ansible Controller.
If you are using a module and expect the file to exist on the remote, see the remote_src option
2026-04-15 10:20:29,125 p=14488 u=root n=ansible | playbook: playbooks/mop/mop_deploy.yml
2026-04-15 10:22:52,108 p=15098 u=root n=ansible | playbook: playbooks/mop/mop_precheck.yml
2026-04-15 10:22:52,685 p=15100 u=root n=ansible | playbook: playbooks/mop/mop_postcheck.yml
2026-04-15 10:22:53,273 p=15102 u=root n=ansible | playbook: playbooks/mop/mop_rollback.yml
2026-04-15 10:23:24,774 p=15225 u=root n=ansible | PLAY [access_switches] **************************************************************************************************************************************************************************
2026-04-15 10:23:24,782 p=15225 u=root n=ansible | TASK [Get VLAN info] ****************************************************************************************************************************************************************************
2026-04-15 10:23:25,708 p=15225 u=root n=ansible | network_os is set to cisco.ios.ios
2026-04-15 10:23:25,793 p=15239 u=root n=p=15239 u=root | paramiko [192.168.0.205] | Connected (version 2.0, client Cisco-1.25)
2026-04-15 10:23:26,059 p=15225 u=root n=ansible | network_os is set to cisco.ios.ios
2026-04-15 10:23:26,087 p=15253 u=root n=p=15253 u=root | paramiko [192.168.0.204] | Connected (version 2.0, client Cisco-1.25)
2026-04-15 10:23:26,118 p=15225 u=root n=ansible | network_os is set to cisco.ios.ios
2026-04-15 10:23:26,160 p=15239 u=root n=p=15239 u=root | paramiko [192.168.0.205] | Auth banner: b'\r\nIOSv - Cisco Systems Confidential -\r\n\r\nSupplemental End User License Restrictions\r\n\r\nThis IOSv software is provided AS-IS without warranty of any kind. Under no circumstances may this software be used separate from the Cisco Modeling Labs Software that this software was provided with, or deployed or used as part of a production environment.\r\n\r\nBy using the software, you agree to abide by the terms and conditions of the Cisco End User License Agreement at http://www.cisco.com/go/eula. Unauthorized use or distribution of this software is expressly prohibited.\r\n'
2026-04-15 10:23:26,165 p=15260 u=root n=p=15260 u=root | paramiko [192.168.0.203] | Connected (version 2.0, client Cisco-1.25)
2026-04-15 10:23:26,170 p=15239 u=root n=p=15239 u=root | paramiko [192.168.0.205] | Authentication (password) successful!
2026-04-15 10:23:26,514 p=15260 u=root n=p=15260 u=root | paramiko [192.168.0.203] | Auth banner: b'\r\nIOSv - Cisco Systems Confidential -\r\n\r\nSupplemental End User License Restrictions\r\n\r\nThis IOSv software is provided AS-IS without warranty of any kind. Under no circumstances may this software be used separate from the Cisco Modeling Labs Software that this software was provided with, or deployed or used as part of a production environment.\r\n\r\nBy using the software, you agree to abide by the terms and conditions of the Cisco End User License Agreement at http://www.cisco.com/go/eula. Unauthorized use or distribution of this software is expressly prohibited.\r\n'
2026-04-15 10:23:26,531 p=15260 u=root n=p=15260 u=root | paramiko [192.168.0.203] | Authentication (password) successful!
2026-04-15 10:23:26,654 p=15253 u=root n=p=15253 u=root | paramiko [192.168.0.204] | Auth banner: b'\r\nIOSv - Cisco Systems Confidential -\r\n\r\nSupplemental End User License Restrictions\r\n\r\nThis IOSv software is provided AS-IS without warranty of any kind. Under no circumstances may this software be used separate from the Cisco Modeling Labs Software that this software was provided with, or deployed or used as part of a production environment.\r\n\r\nBy using the software, you agree to abide by the terms and conditions of the Cisco End User License Agreement at http://www.cisco.com/go/eula. Unauthorized use or distribution of this software is expressly prohibited.\r\n'
2026-04-15 10:23:26,670 p=15253 u=root n=p=15253 u=root | paramiko [192.168.0.204] | Authentication (password) successful!
2026-04-15 10:23:27,658 p=15225 u=root n=ansible | ok: [sw03]
2026-04-15 10:23:28,079 p=15225 u=root n=ansible | ok: [sw01]
2026-04-15 10:23:28,165 p=15225 u=root n=ansible | ok: [sw02]
2026-04-15 10:23:28,168 p=15225 u=root n=ansible | TASK [Check VLAN existence] *********************************************************************************************************************************************************************
2026-04-15 10:23:28,264 p=15225 u=root n=ansible | ok: [sw03]
2026-04-15 10:23:28,269 p=15225 u=root n=ansible | ok: [sw01]
2026-04-15 10:23:28,279 p=15225 u=root n=ansible | ok: [sw02]
2026-04-15 10:23:28,284 p=15225 u=root n=ansible | TASK [Show VLAN check] **************************************************************************************************************************************************************************
2026-04-15 10:23:28,369 p=15225 u=root n=ansible | ok: [sw01] => (item={'id': 40, 'name': 'COSTUMER', 'ports': ['GigabitEthernet0/1']}) => {
    "msg": "40 present: True"
}
2026-04-15 10:23:28,397 p=15225 u=root n=ansible | ok: [sw02] => (item={'id': 40, 'name': 'COSTUMER', 'ports': ['GigabitEthernet0/1']}) => {
    "msg": "40 present: True"
}
2026-04-15 10:23:28,425 p=15225 u=root n=ansible | ok: [sw03] => (item={'id': 40, 'name': 'COSTUMER', 'ports': ['GigabitEthernet0/1']}) => {
    "msg": "40 present: True"
}
2026-04-15 10:23:28,431 p=15225 u=root n=ansible | TASK [Create VLANs] *****************************************************************************************************************************************************************************
2026-04-15 10:23:32,930 p=15225 u=root n=ansible | changed: [sw01] => (item={'id': 40, 'name': 'COSTUMER', 'ports': ['GigabitEthernet0/1']})
2026-04-15 10:23:32,931 p=15225 u=root n=ansible | [WARNING]: To ensure idempotency and correct diff the input configuration lines should be similar to how they appear if present in the running configuration on device

2026-04-15 10:23:33,070 p=15225 u=root n=ansible | changed: [sw02] => (item={'id': 40, 'name': 'COSTUMER', 'ports': ['GigabitEthernet0/1']})
2026-04-15 10:23:33,087 p=15225 u=root n=ansible | changed: [sw03] => (item={'id': 40, 'name': 'COSTUMER', 'ports': ['GigabitEthernet0/1']})
2026-04-15 10:23:33,094 p=15225 u=root n=ansible | TASK [Assign VLANs to interfaces] ***************************************************************************************************************************************************************
2026-04-15 10:23:36,701 p=15225 u=root n=ansible | ok: [sw02] => (item=[{'id': 40, 'name': 'COSTUMER', 'ports': ['GigabitEthernet0/1']}, 'GigabitEthernet0/1'])
2026-04-15 10:23:36,791 p=15225 u=root n=ansible | ok: [sw03] => (item=[{'id': 40, 'name': 'COSTUMER', 'ports': ['GigabitEthernet0/1']}, 'GigabitEthernet0/1'])
2026-04-15 10:23:36,853 p=15225 u=root n=ansible | ok: [sw01] => (item=[{'id': 40, 'name': 'COSTUMER', 'ports': ['GigabitEthernet0/1']}, 'GigabitEthernet0/1'])
2026-04-15 10:23:36,862 p=15225 u=root n=ansible | TASK [Check VLAN exists] ************************************************************************************************************************************************************************
2026-04-15 10:23:38,055 p=15225 u=root n=ansible | ok: [sw03]
2026-04-15 10:23:38,338 p=15225 u=root n=ansible | ok: [sw02]
2026-04-15 10:23:38,347 p=15225 u=root n=ansible | ok: [sw01]
2026-04-15 10:23:38,350 p=15225 u=root n=ansible | TASK [Set VLAN check result] ********************************************************************************************************************************************************************
2026-04-15 10:23:38,440 p=15225 u=root n=ansible | ok: [sw01]
2026-04-15 10:23:38,493 p=15225 u=root n=ansible | ok: [sw03]
2026-04-15 10:23:38,497 p=15225 u=root n=ansible | ok: [sw02]
2026-04-15 10:23:38,500 p=15225 u=root n=ansible | TASK [Check port VLAN] **************************************************************************************************************************************************************************
2026-04-15 10:23:39,825 p=15225 u=root n=ansible | ok: [sw03]
2026-04-15 10:23:39,978 p=15225 u=root n=ansible | ok: [sw01]
2026-04-15 10:23:40,030 p=15225 u=root n=ansible | ok: [sw02]
2026-04-15 10:23:40,033 p=15225 u=root n=ansible | TASK [Set port check result] ********************************************************************************************************************************************************************
2026-04-15 10:23:40,141 p=15225 u=root n=ansible | ok: [sw03]
2026-04-15 10:23:40,153 p=15225 u=root n=ansible | ok: [sw01]
2026-04-15 10:23:40,163 p=15225 u=root n=ansible | ok: [sw02]
2026-04-15 10:23:40,173 p=15225 u=root n=ansible | TASK [FINAL RESULT] *****************************************************************************************************************************************************************************
2026-04-15 10:23:40,298 p=15225 u=root n=ansible | ok: [sw03] => {
    "msg": "sw03: PASS"
}
2026-04-15 10:23:40,308 p=15225 u=root n=ansible | ok: [sw01] => {
    "msg": "sw01: PASS"
}
2026-04-15 10:23:40,316 p=15225 u=root n=ansible | ok: [sw02] => {
    "msg": "sw02: PASS"
}
2026-04-15 10:23:40,327 p=15225 u=root n=ansible | PLAY RECAP **************************************************************************************************************************************************************************************
2026-04-15 10:23:40,327 p=15225 u=root n=ansible | sw01                       : ok=10   changed=1    unreachable=0    failed=0    skipped=0    rescued=0    ignored=0   
2026-04-15 10:23:40,327 p=15225 u=root n=ansible | sw02                       : ok=10   changed=1    unreachable=0    failed=0    skipped=0    rescued=0    ignored=0   
2026-04-15 10:23:40,328 p=15225 u=root n=ansible | sw03                       : ok=10   changed=1    unreachable=0    failed=0    skipped=0    rescued=0    ignored=0   
2026-04-15 10:23:40,421 p=15239 u=root n=ansible | shutdown complete
2026-04-15 10:23:40,423 p=15260 u=root n=ansible | shutdown complete
2026-04-15 10:23:40,427 p=15253 u=root n=ansible | shutdown complete
2026-04-15 10:23:46,851 p=15400 u=root n=ansible | PLAY [access_switches] **************************************************************************************************************************************************************************
2026-04-15 10:23:46,859 p=15400 u=root n=ansible | TASK [Get VLAN info] ****************************************************************************************************************************************************************************
2026-04-15 10:23:47,963 p=15400 u=root n=ansible | network_os is set to cisco.ios.ios
2026-04-15 10:23:48,045 p=15433 u=root n=p=15433 u=root | paramiko [192.168.0.203] | Connected (version 2.0, client Cisco-1.25)
2026-04-15 10:23:48,161 p=15400 u=root n=ansible | network_os is set to cisco.ios.ios
2026-04-15 10:23:48,210 p=15436 u=root n=p=15436 u=root | paramiko [192.168.0.205] | Connected (version 2.0, client Cisco-1.25)
2026-04-15 10:23:48,235 p=15400 u=root n=ansible | network_os is set to cisco.ios.ios
2026-04-15 10:23:48,288 p=15439 u=root n=p=15439 u=root | paramiko [192.168.0.204] | Connected (version 2.0, client Cisco-1.25)
2026-04-15 10:23:48,488 p=15433 u=root n=p=15433 u=root | paramiko [192.168.0.203] | Auth banner: b'\r\nIOSv - Cisco Systems Confidential -\r\n\r\nSupplemental End User License Restrictions\r\n\r\nThis IOSv software is provided AS-IS without warranty of any kind. Under no circumstances may this software be used separate from the Cisco Modeling Labs Software that this software was provided with, or deployed or used as part of a production environment.\r\n\r\nBy using the software, you agree to abide by the terms and conditions of the Cisco End User License Agreement at http://www.cisco.com/go/eula. Unauthorized use or distribution of this software is expressly prohibited.\r\n'
2026-04-15 10:23:48,504 p=15433 u=root n=p=15433 u=root | paramiko [192.168.0.203] | Authentication (password) successful!
2026-04-15 10:23:48,602 p=15436 u=root n=p=15436 u=root | paramiko [192.168.0.205] | Auth banner: b'\r\nIOSv - Cisco Systems Confidential -\r\n\r\nSupplemental End User License Restrictions\r\n\r\nThis IOSv software is provided AS-IS without warranty of any kind. Under no circumstances may this software be used separate from the Cisco Modeling Labs Software that this software was provided with, or deployed or used as part of a production environment.\r\n\r\nBy using the software, you agree to abide by the terms and conditions of the Cisco End User License Agreement at http://www.cisco.com/go/eula. Unauthorized use or distribution of this software is expressly prohibited.\r\n'
2026-04-15 10:23:48,611 p=15436 u=root n=p=15436 u=root | paramiko [192.168.0.205] | Authentication (password) successful!
2026-04-15 10:23:48,646 p=15439 u=root n=p=15439 u=root | paramiko [192.168.0.204] | Auth banner: b'\r\nIOSv - Cisco Systems Confidential -\r\n\r\nSupplemental End User License Restrictions\r\n\r\nThis IOSv software is provided AS-IS without warranty of any kind. Under no circumstances may this software be used separate from the Cisco Modeling Labs Software that this software was provided with, or deployed or used as part of a production environment.\r\n\r\nBy using the software, you agree to abide by the terms and conditions of the Cisco End User License Agreement at http://www.cisco.com/go/eula. Unauthorized use or distribution of this software is expressly prohibited.\r\n'
2026-04-15 10:23:48,659 p=15439 u=root n=p=15439 u=root | paramiko [192.168.0.204] | Authentication (password) successful!
2026-04-15 10:23:50,019 p=15400 u=root n=ansible | ok: [sw01]
2026-04-15 10:23:50,073 p=15400 u=root n=ansible | ok: [sw02]
2026-04-15 10:23:50,141 p=15400 u=root n=ansible | ok: [sw03]
2026-04-15 10:23:50,145 p=15400 u=root n=ansible | TASK [Check VLAN existence] *********************************************************************************************************************************************************************
2026-04-15 10:23:50,226 p=15400 u=root n=ansible | ok: [sw01]
2026-04-15 10:23:50,240 p=15400 u=root n=ansible | ok: [sw02]
2026-04-15 10:23:50,262 p=15400 u=root n=ansible | ok: [sw03]
2026-04-15 10:23:50,265 p=15400 u=root n=ansible | TASK [Show VLAN check] **************************************************************************************************************************************************************************
2026-04-15 10:23:50,408 p=15400 u=root n=ansible | ok: [sw03] => (item={'id': 40, 'name': 'COSTUMER', 'ports': ['GigabitEthernet0/1']}) => {
    "msg": "40 present: True"
}
2026-04-15 10:23:50,409 p=15400 u=root n=ansible | ok: [sw01] => (item={'id': 40, 'name': 'COSTUMER', 'ports': ['GigabitEthernet0/1']}) => {
    "msg": "40 present: True"
}
2026-04-15 10:23:50,412 p=15400 u=root n=ansible | ok: [sw02] => (item={'id': 40, 'name': 'COSTUMER', 'ports': ['GigabitEthernet0/1']}) => {
    "msg": "40 present: True"
}
2026-04-15 10:23:50,420 p=15400 u=root n=ansible | PLAY RECAP **************************************************************************************************************************************************************************************
2026-04-15 10:23:50,421 p=15400 u=root n=ansible | sw01                       : ok=3    changed=0    unreachable=0    failed=0    skipped=0    rescued=0    ignored=0   
2026-04-15 10:23:50,421 p=15400 u=root n=ansible | sw02                       : ok=3    changed=0    unreachable=0    failed=0    skipped=0    rescued=0    ignored=0   
2026-04-15 10:23:50,421 p=15400 u=root n=ansible | sw03                       : ok=3    changed=0    unreachable=0    failed=0    skipped=0    rescued=0    ignored=0   
2026-04-15 10:23:50,519 p=15436 u=root n=ansible | shutdown complete
2026-04-15 10:23:50,521 p=15439 u=root n=ansible | shutdown complete
2026-04-15 10:23:50,523 p=15433 u=root n=ansible | shutdown complete
2026-04-15 10:24:05,068 p=15509 u=root n=ansible | PLAY [access_switches] **************************************************************************************************************************************************************************
2026-04-15 10:24:05,076 p=15509 u=root n=ansible | TASK [Create VLANs] *****************************************************************************************************************************************************************************
2026-04-15 10:24:06,026 p=15509 u=root n=ansible | network_os is set to cisco.ios.ios
2026-04-15 10:24:06,062 p=15523 u=root n=p=15523 u=root | paramiko [192.168.0.203] | Connected (version 2.0, client Cisco-1.25)
2026-04-15 10:24:06,360 p=15509 u=root n=ansible | network_os is set to cisco.ios.ios
2026-04-15 10:24:06,389 p=15509 u=root n=ansible | network_os is set to cisco.ios.ios
2026-04-15 10:24:06,399 p=15528 u=root n=p=15528 u=root | paramiko [192.168.0.205] | Connected (version 2.0, client Cisco-1.25)
2026-04-15 10:24:06,431 p=15531 u=root n=p=15531 u=root | paramiko [192.168.0.204] | Connected (version 2.0, client Cisco-1.25)
2026-04-15 10:24:06,463 p=15523 u=root n=p=15523 u=root | paramiko [192.168.0.203] | Auth banner: b'\r\nIOSv - Cisco Systems Confidential -\r\n\r\nSupplemental End User License Restrictions\r\n\r\nThis IOSv software is provided AS-IS without warranty of any kind. Under no circumstances may this software be used separate from the Cisco Modeling Labs Software that this software was provided with, or deployed or used as part of a production environment.\r\n\r\nBy using the software, you agree to abide by the terms and conditions of the Cisco End User License Agreement at http://www.cisco.com/go/eula. Unauthorized use or distribution of this software is expressly prohibited.\r\n'
2026-04-15 10:24:06,474 p=15523 u=root n=p=15523 u=root | paramiko [192.168.0.203] | Authentication (password) successful!
2026-04-15 10:24:06,799 p=15531 u=root n=p=15531 u=root | paramiko [192.168.0.204] | Auth banner: b'\r\nIOSv - Cisco Systems Confidential -\r\n\r\nSupplemental End User License Restrictions\r\n\r\nThis IOSv software is provided AS-IS without warranty of any kind. Under no circumstances may this software be used separate from the Cisco Modeling Labs Software that this software was provided with, or deployed or used as part of a production environment.\r\n\r\nBy using the software, you agree to abide by the terms and conditions of the Cisco End User License Agreement at http://www.cisco.com/go/eula. Unauthorized use or distribution of this software is expressly prohibited.\r\n'
2026-04-15 10:24:06,814 p=15531 u=root n=p=15531 u=root | paramiko [192.168.0.204] | Authentication (password) successful!
2026-04-15 10:24:06,828 p=15528 u=root n=p=15528 u=root | paramiko [192.168.0.205] | Auth banner: b'\r\nIOSv - Cisco Systems Confidential -\r\n\r\nSupplemental End User License Restrictions\r\n\r\nThis IOSv software is provided AS-IS without warranty of any kind. Under no circumstances may this software be used separate from the Cisco Modeling Labs Software that this software was provided with, or deployed or used as part of a production environment.\r\n\r\nBy using the software, you agree to abide by the terms and conditions of the Cisco End User License Agreement at http://www.cisco.com/go/eula. Unauthorized use or distribution of this software is expressly prohibited.\r\n'
2026-04-15 10:24:06,849 p=15528 u=root n=p=15528 u=root | paramiko [192.168.0.205] | Authentication (password) successful!
2026-04-15 10:24:10,722 p=15509 u=root n=ansible | changed: [sw01] => (item={'id': 40, 'name': 'COSTUMER', 'ports': ['GigabitEthernet0/1']})
2026-04-15 10:24:10,724 p=15509 u=root n=ansible | [WARNING]: To ensure idempotency and correct diff the input configuration lines should be similar to how they appear if present in the running configuration on device

2026-04-15 10:24:11,272 p=15509 u=root n=ansible | changed: [sw02] => (item={'id': 40, 'name': 'COSTUMER', 'ports': ['GigabitEthernet0/1']})
2026-04-15 10:24:11,429 p=15509 u=root n=ansible | changed: [sw03] => (item={'id': 40, 'name': 'COSTUMER', 'ports': ['GigabitEthernet0/1']})
2026-04-15 10:24:11,435 p=15509 u=root n=ansible | TASK [Assign VLANs to interfaces] ***************************************************************************************************************************************************************
2026-04-15 10:24:14,736 p=15509 u=root n=ansible | ok: [sw02] => (item=[{'id': 40, 'name': 'COSTUMER', 'ports': ['GigabitEthernet0/1']}, 'GigabitEthernet0/1'])
2026-04-15 10:24:14,960 p=15509 u=root n=ansible | ok: [sw01] => (item=[{'id': 40, 'name': 'COSTUMER', 'ports': ['GigabitEthernet0/1']}, 'GigabitEthernet0/1'])
2026-04-15 10:24:15,207 p=15509 u=root n=ansible | ok: [sw03] => (item=[{'id': 40, 'name': 'COSTUMER', 'ports': ['GigabitEthernet0/1']}, 'GigabitEthernet0/1'])
2026-04-15 10:24:15,210 p=15509 u=root n=ansible | PLAY RECAP **************************************************************************************************************************************************************************************
2026-04-15 10:24:15,211 p=15509 u=root n=ansible | sw01                       : ok=2    changed=1    unreachable=0    failed=0    skipped=0    rescued=0    ignored=0   
2026-04-15 10:24:15,212 p=15509 u=root n=ansible | sw02                       : ok=2    changed=1    unreachable=0    failed=0    skipped=0    rescued=0    ignored=0   
2026-04-15 10:24:15,212 p=15509 u=root n=ansible | sw03                       : ok=2    changed=1    unreachable=0    failed=0    skipped=0    rescued=0    ignored=0   
2026-04-15 10:24:44,727 p=15531 u=root n=ansible | persistent connection idle timeout triggered, timeout value is 30 secs.
See the timeout setting options in the Network Debug and Troubleshooting Guide.
2026-04-15 10:24:44,834 p=15531 u=root n=ansible | shutdown complete
2026-04-15 10:24:44,959 p=15523 u=root n=ansible | persistent connection idle timeout triggered, timeout value is 30 secs.
See the timeout setting options in the Network Debug and Troubleshooting Guide.
2026-04-15 10:24:45,061 p=15523 u=root n=ansible | shutdown complete
2026-04-15 10:24:45,204 p=15528 u=root n=ansible | persistent connection idle timeout triggered, timeout value is 30 secs.
See the timeout setting options in the Network Debug and Troubleshooting Guide.
2026-04-15 10:24:45,308 p=15528 u=root n=ansible | shutdown complete
2026-04-15 10:26:13,743 p=16087 u=root n=ansible | PLAY [access_switches] **************************************************************************************************************************************************************************
2026-04-15 10:26:13,750 p=16087 u=root n=ansible | TASK [Get VLAN info] ****************************************************************************************************************************************************************************
2026-04-15 10:26:14,687 p=16087 u=root n=ansible | network_os is set to cisco.ios.ios
2026-04-15 10:26:14,728 p=16101 u=root n=p=16101 u=root | paramiko [192.168.0.205] | Connected (version 2.0, client Cisco-1.25)
2026-04-15 10:26:15,029 p=16087 u=root n=ansible | network_os is set to cisco.ios.ios
2026-04-15 10:26:15,053 p=16106 u=root n=p=16106 u=root | paramiko [192.168.0.204] | Connected (version 2.0, client Cisco-1.25)
2026-04-15 10:26:15,067 p=16087 u=root n=ansible | network_os is set to cisco.ios.ios
2026-04-15 10:26:15,104 p=16109 u=root n=p=16109 u=root | paramiko [192.168.0.203] | Connected (version 2.0, client Cisco-1.25)
2026-04-15 10:26:15,119 p=16101 u=root n=p=16101 u=root | paramiko [192.168.0.205] | Auth banner: b'\r\nIOSv - Cisco Systems Confidential -\r\n\r\nSupplemental End User License Restrictions\r\n\r\nThis IOSv software is provided AS-IS without warranty of any kind. Under no circumstances may this software be used separate from the Cisco Modeling Labs Software that this software was provided with, or deployed or used as part of a production environment.\r\n\r\nBy using the software, you agree to abide by the terms and conditions of the Cisco End User License Agreement at http://www.cisco.com/go/eula. Unauthorized use or distribution of this software is expressly prohibited.\r\n'
2026-04-15 10:26:15,170 p=16101 u=root n=p=16101 u=root | paramiko [192.168.0.205] | Authentication (password) successful!
2026-04-15 10:26:15,389 p=16106 u=root n=p=16106 u=root | paramiko [192.168.0.204] | Auth banner: b'\r\nIOSv - Cisco Systems Confidential -\r\n\r\nSupplemental End User License Restrictions\r\n\r\nThis IOSv software is provided AS-IS without warranty of any kind. Under no circumstances may this software be used separate from the Cisco Modeling Labs Software that this software was provided with, or deployed or used as part of a production environment.\r\n\r\nBy using the software, you agree to abide by the terms and conditions of the Cisco End User License Agreement at http://www.cisco.com/go/eula. Unauthorized use or distribution of this software is expressly prohibited.\r\n'
2026-04-15 10:26:15,401 p=16106 u=root n=p=16106 u=root | paramiko [192.168.0.204] | Authentication (password) successful!
2026-04-15 10:26:15,472 p=16109 u=root n=p=16109 u=root | paramiko [192.168.0.203] | Auth banner: b'\r\nIOSv - Cisco Systems Confidential -\r\n\r\nSupplemental End User License Restrictions\r\n\r\nThis IOSv software is provided AS-IS without warranty of any kind. Under no circumstances may this software be used separate from the Cisco Modeling Labs Software that this software was provided with, or deployed or used as part of a production environment.\r\n\r\nBy using the software, you agree to abide by the terms and conditions of the Cisco End User License Agreement at http://www.cisco.com/go/eula. Unauthorized use or distribution of this software is expressly prohibited.\r\n'
2026-04-15 10:26:15,484 p=16109 u=root n=p=16109 u=root | paramiko [192.168.0.203] | Authentication (password) successful!
2026-04-15 10:26:16,625 p=16087 u=root n=ansible | ok: [sw03]
2026-04-15 10:26:17,008 p=16087 u=root n=ansible | ok: [sw01]
2026-04-15 10:26:17,055 p=16087 u=root n=ansible | ok: [sw02]
2026-04-15 10:26:17,059 p=16087 u=root n=ansible | TASK [Check VLAN existence] *********************************************************************************************************************************************************************
2026-04-15 10:26:17,169 p=16087 u=root n=ansible | ok: [sw01]
2026-04-15 10:26:17,171 p=16087 u=root n=ansible | ok: [sw03]
2026-04-15 10:26:17,194 p=16087 u=root n=ansible | ok: [sw02]
2026-04-15 10:26:17,196 p=16087 u=root n=ansible | TASK [Show VLAN check] **************************************************************************************************************************************************************************
2026-04-15 10:26:17,335 p=16087 u=root n=ansible | ok: [sw03] => (item={'id': 40, 'name': 'COSTUMER', 'ports': ['GigabitEthernet0/1']}) => {
    "msg": "40 present: True"
}
2026-04-15 10:26:17,347 p=16087 u=root n=ansible | ok: [sw01] => (item={'id': 40, 'name': 'COSTUMER', 'ports': ['GigabitEthernet0/1']}) => {
    "msg": "40 present: True"
}
2026-04-15 10:26:17,354 p=16087 u=root n=ansible | ok: [sw02] => (item={'id': 40, 'name': 'COSTUMER', 'ports': ['GigabitEthernet0/1']}) => {
    "msg": "40 present: True"
}
2026-04-15 10:26:17,363 p=16087 u=root n=ansible | PLAY RECAP **************************************************************************************************************************************************************************************
2026-04-15 10:26:17,363 p=16087 u=root n=ansible | sw01                       : ok=3    changed=0    unreachable=0    failed=0    skipped=0    rescued=0    ignored=0   
2026-04-15 10:26:17,364 p=16087 u=root n=ansible | sw02                       : ok=3    changed=0    unreachable=0    failed=0    skipped=0    rescued=0    ignored=0   
2026-04-15 10:26:17,364 p=16087 u=root n=ansible | sw03                       : ok=3    changed=0    unreachable=0    failed=0    skipped=0    rescued=0    ignored=0   
2026-04-15 10:26:17,459 p=16101 u=root n=ansible | shutdown complete
2026-04-15 10:26:17,463 p=16106 u=root n=ansible | shutdown complete
2026-04-15 10:26:17,464 p=16109 u=root n=ansible | shutdown complete
2026-04-15 10:26:18,144 p=16139 u=root n=ansible | PLAY [access_switches] **************************************************************************************************************************************************************************
2026-04-15 10:26:18,152 p=16139 u=root n=ansible | TASK [Create VLANs] *****************************************************************************************************************************************************************************
2026-04-15 10:26:19,202 p=16139 u=root n=ansible | network_os is set to cisco.ios.ios
2026-04-15 10:26:19,258 p=16159 u=root n=p=16159 u=root | paramiko [192.168.0.205] | Connected (version 2.0, client Cisco-1.25)
2026-04-15 10:26:19,301 p=16139 u=root n=ansible | network_os is set to cisco.ios.ios
2026-04-15 10:26:19,322 p=16139 u=root n=ansible | network_os is set to cisco.ios.ios
2026-04-15 10:26:19,350 p=16162 u=root n=p=16162 u=root | paramiko [192.168.0.203] | Connected (version 2.0, client Cisco-1.25)
2026-04-15 10:26:19,370 p=16165 u=root n=p=16165 u=root | paramiko [192.168.0.204] | Connected (version 2.0, client Cisco-1.25)
2026-04-15 10:26:19,675 p=16162 u=root n=p=16162 u=root | paramiko [192.168.0.203] | Auth banner: b'\r\nIOSv - Cisco Systems Confidential -\r\n\r\nSupplemental End User License Restrictions\r\n\r\nThis IOSv software is provided AS-IS without warranty of any kind. Under no circumstances may this software be used separate from the Cisco Modeling Labs Software that this software was provided with, or deployed or used as part of a production environment.\r\n\r\nBy using the software, you agree to abide by the terms and conditions of the Cisco End User License Agreement at http://www.cisco.com/go/eula. Unauthorized use or distribution of this software is expressly prohibited.\r\n'
2026-04-15 10:26:19,688 p=16162 u=root n=p=16162 u=root | paramiko [192.168.0.203] | Authentication (password) successful!
2026-04-15 10:26:19,729 p=16165 u=root n=p=16165 u=root | paramiko [192.168.0.204] | Auth banner: b'\r\nIOSv - Cisco Systems Confidential -\r\n\r\nSupplemental End User License Restrictions\r\n\r\nThis IOSv software is provided AS-IS without warranty of any kind. Under no circumstances may this software be used separate from the Cisco Modeling Labs Software that this software was provided with, or deployed or used as part of a production environment.\r\n\r\nBy using the software, you agree to abide by the terms and conditions of the Cisco End User License Agreement at http://www.cisco.com/go/eula. Unauthorized use or distribution of this software is expressly prohibited.\r\n'
2026-04-15 10:26:19,740 p=16165 u=root n=p=16165 u=root | paramiko [192.168.0.204] | Authentication (password) successful!
2026-04-15 10:26:19,807 p=16159 u=root n=p=16159 u=root | paramiko [192.168.0.205] | Auth banner: b'\r\nIOSv - Cisco Systems Confidential -\r\n\r\nSupplemental End User License Restrictions\r\n\r\nThis IOSv software is provided AS-IS without warranty of any kind. Under no circumstances may this software be used separate from the Cisco Modeling Labs Software that this software was provided with, or deployed or used as part of a production environment.\r\n\r\nBy using the software, you agree to abide by the terms and conditions of the Cisco End User License Agreement at http://www.cisco.com/go/eula. Unauthorized use or distribution of this software is expressly prohibited.\r\n'
2026-04-15 10:26:19,817 p=16159 u=root n=p=16159 u=root | paramiko [192.168.0.205] | Authentication (password) successful!
2026-04-15 10:26:24,074 p=16139 u=root n=ansible | changed: [sw01] => (item={'id': 40, 'name': 'COSTUMER', 'ports': ['GigabitEthernet0/1']})
2026-04-15 10:26:24,078 p=16139 u=root n=ansible | [WARNING]: To ensure idempotency and correct diff the input configuration lines should be similar to how they appear if present in the running configuration on device

2026-04-15 10:26:24,221 p=16139 u=root n=ansible | changed: [sw03] => (item={'id': 40, 'name': 'COSTUMER', 'ports': ['GigabitEthernet0/1']})
2026-04-15 10:26:24,346 p=16139 u=root n=ansible | changed: [sw02] => (item={'id': 40, 'name': 'COSTUMER', 'ports': ['GigabitEthernet0/1']})
2026-04-15 10:26:24,351 p=16139 u=root n=ansible | TASK [Assign VLANs to interfaces] ***************************************************************************************************************************************************************
2026-04-15 10:26:27,760 p=16139 u=root n=ansible | ok: [sw03] => (item=[{'id': 40, 'name': 'COSTUMER', 'ports': ['GigabitEthernet0/1']}, 'GigabitEthernet0/1'])
2026-04-15 10:26:27,970 p=16139 u=root n=ansible | ok: [sw01] => (item=[{'id': 40, 'name': 'COSTUMER', 'ports': ['GigabitEthernet0/1']}, 'GigabitEthernet0/1'])
2026-04-15 10:26:28,077 p=16139 u=root n=ansible | ok: [sw02] => (item=[{'id': 40, 'name': 'COSTUMER', 'ports': ['GigabitEthernet0/1']}, 'GigabitEthernet0/1'])
2026-04-15 10:26:28,088 p=16139 u=root n=ansible | PLAY RECAP **************************************************************************************************************************************************************************************
2026-04-15 10:26:28,089 p=16139 u=root n=ansible | sw01                       : ok=2    changed=1    unreachable=0    failed=0    skipped=0    rescued=0    ignored=0   
2026-04-15 10:26:28,090 p=16139 u=root n=ansible | sw02                       : ok=2    changed=1    unreachable=0    failed=0    skipped=0    rescued=0    ignored=0   
2026-04-15 10:26:28,090 p=16139 u=root n=ansible | sw03                       : ok=2    changed=1    unreachable=0    failed=0    skipped=0    rescued=0    ignored=0   
2026-04-15 10:26:28,741 p=16219 u=root n=ansible | PLAY [access_switches] **************************************************************************************************************************************************************************
2026-04-15 10:26:28,750 p=16219 u=root n=ansible | TASK [Check VLAN exists] ************************************************************************************************************************************************************************
2026-04-15 10:26:29,928 p=16219 u=root n=ansible | network_os is set to cisco.ios.ios
2026-04-15 10:26:29,985 p=16233 u=root n=p=16233 u=root | paramiko [192.168.0.205] | Connected (version 2.0, client Cisco-1.25)
2026-04-15 10:26:30,171 p=16219 u=root n=ansible | network_os is set to cisco.ios.ios
2026-04-15 10:26:30,207 p=16237 u=root n=p=16237 u=root | paramiko [192.168.0.204] | Connected (version 2.0, client Cisco-1.25)
2026-04-15 10:26:30,287 p=16219 u=root n=ansible | network_os is set to cisco.ios.ios
2026-04-15 10:26:30,359 p=16241 u=root n=p=16241 u=root | paramiko [192.168.0.203] | Connected (version 2.0, client Cisco-1.25)
2026-04-15 10:26:30,578 p=16233 u=root n=p=16233 u=root | paramiko [192.168.0.205] | Auth banner: b'\r\nIOSv - Cisco Systems Confidential -\r\n\r\nSupplemental End User License Restrictions\r\n\r\nThis IOSv software is provided AS-IS without warranty of any kind. Under no circumstances may this software be used separate from the Cisco Modeling Labs Software that this software was provided with, or deployed or used as part of a production environment.\r\n\r\nBy using the software, you agree to abide by the terms and conditions of the Cisco End User License Agreement at http://www.cisco.com/go/eula. Unauthorized use or distribution of this software is expressly prohibited.\r\n'
2026-04-15 10:26:30,591 p=16233 u=root n=p=16233 u=root | paramiko [192.168.0.205] | Authentication (password) successful!
2026-04-15 10:26:30,640 p=16237 u=root n=p=16237 u=root | paramiko [192.168.0.204] | Auth banner: b'\r\nIOSv - Cisco Systems Confidential -\r\n\r\nSupplemental End User License Restrictions\r\n\r\nThis IOSv software is provided AS-IS without warranty of any kind. Under no circumstances may this software be used separate from the Cisco Modeling Labs Software that this software was provided with, or deployed or used as part of a production environment.\r\n\r\nBy using the software, you agree to abide by the terms and conditions of the Cisco End User License Agreement at http://www.cisco.com/go/eula. Unauthorized use or distribution of this software is expressly prohibited.\r\n'
2026-04-15 10:26:30,658 p=16237 u=root n=p=16237 u=root | paramiko [192.168.0.204] | Authentication (password) successful!
2026-04-15 10:26:30,699 p=16241 u=root n=p=16241 u=root | paramiko [192.168.0.203] | Auth banner: b'\r\nIOSv - Cisco Systems Confidential -\r\n\r\nSupplemental End User License Restrictions\r\n\r\nThis IOSv software is provided AS-IS without warranty of any kind. Under no circumstances may this software be used separate from the Cisco Modeling Labs Software that this software was provided with, or deployed or used as part of a production environment.\r\n\r\nBy using the software, you agree to abide by the terms and conditions of the Cisco End User License Agreement at http://www.cisco.com/go/eula. Unauthorized use or distribution of this software is expressly prohibited.\r\n'
2026-04-15 10:26:30,722 p=16241 u=root n=p=16241 u=root | paramiko [192.168.0.203] | Authentication (password) successful!
2026-04-15 10:26:32,161 p=16219 u=root n=ansible | ok: [sw02]
2026-04-15 10:26:32,242 p=16219 u=root n=ansible | ok: [sw03]
2026-04-15 10:26:32,253 p=16219 u=root n=ansible | ok: [sw01]
2026-04-15 10:26:32,257 p=16219 u=root n=ansible | TASK [Set VLAN check result] ********************************************************************************************************************************************************************
2026-04-15 10:26:32,399 p=16219 u=root n=ansible | ok: [sw01]
2026-04-15 10:26:32,404 p=16219 u=root n=ansible | ok: [sw02]
2026-04-15 10:26:32,415 p=16219 u=root n=ansible | ok: [sw03]
2026-04-15 10:26:32,421 p=16219 u=root n=ansible | TASK [Check port VLAN] **************************************************************************************************************************************************************************
2026-04-15 10:26:34,310 p=16219 u=root n=ansible | ok: [sw02]
2026-04-15 10:26:34,549 p=16219 u=root n=ansible | ok: [sw01]
2026-04-15 10:26:34,655 p=16219 u=root n=ansible | ok: [sw03]
2026-04-15 10:26:34,664 p=16219 u=root n=ansible | TASK [Set port check result] ********************************************************************************************************************************************************************
2026-04-15 10:26:34,777 p=16219 u=root n=ansible | ok: [sw01]
2026-04-15 10:26:34,801 p=16219 u=root n=ansible | ok: [sw02]
2026-04-15 10:26:34,821 p=16219 u=root n=ansible | ok: [sw03]
2026-04-15 10:26:34,825 p=16219 u=root n=ansible | TASK [FINAL RESULT] *****************************************************************************************************************************************************************************
2026-04-15 10:26:34,906 p=16219 u=root n=ansible | ok: [sw01] => {
    "msg": "sw01: PASS"
}
2026-04-15 10:26:34,930 p=16219 u=root n=ansible | ok: [sw02] => {
    "msg": "sw02: PASS"
}
2026-04-15 10:26:34,949 p=16219 u=root n=ansible | ok: [sw03] => {
    "msg": "sw03: PASS"
}
2026-04-15 10:26:34,955 p=16219 u=root n=ansible | PLAY RECAP **************************************************************************************************************************************************************************************
2026-04-15 10:26:34,955 p=16219 u=root n=ansible | sw01                       : ok=5    changed=0    unreachable=0    failed=0    skipped=0    rescued=0    ignored=0   
2026-04-15 10:26:34,955 p=16219 u=root n=ansible | sw02                       : ok=5    changed=0    unreachable=0    failed=0    skipped=0    rescued=0    ignored=0   
2026-04-15 10:26:34,955 p=16219 u=root n=ansible | sw03                       : ok=5    changed=0    unreachable=0    failed=0    skipped=0    rescued=0    ignored=0   
2026-04-15 10:26:35,051 p=16237 u=root n=ansible | shutdown complete
2026-04-15 10:26:35,054 p=16233 u=root n=ansible | shutdown complete
2026-04-15 10:26:35,055 p=16241 u=root n=ansible | shutdown complete
2026-04-15 10:26:35,729 p=16303 u=root n=ansible | PLAY [access_switches] **************************************************************************************************************************************************************************
2026-04-15 10:26:35,739 p=16303 u=root n=ansible | TASK [Remove VLAN from interfaces] **************************************************************************************************************************************************************
2026-04-15 10:26:36,735 p=16303 u=root n=ansible | network_os is set to cisco.ios.ios
2026-04-15 10:26:36,811 p=16317 u=root n=p=16317 u=root | paramiko [192.168.0.205] | Connected (version 2.0, client Cisco-1.25)
2026-04-15 10:26:36,937 p=16303 u=root n=ansible | network_os is set to cisco.ios.ios
2026-04-15 10:26:36,978 p=16320 u=root n=p=16320 u=root | paramiko [192.168.0.203] | Connected (version 2.0, client Cisco-1.25)
2026-04-15 10:26:37,092 p=16303 u=root n=ansible | network_os is set to cisco.ios.ios
2026-04-15 10:26:37,129 p=16325 u=root n=p=16325 u=root | paramiko [192.168.0.204] | Connected (version 2.0, client Cisco-1.25)
2026-04-15 10:26:37,223 p=16317 u=root n=p=16317 u=root | paramiko [192.168.0.205] | Auth banner: b'\r\nIOSv - Cisco Systems Confidential -\r\n\r\nSupplemental End User License Restrictions\r\n\r\nThis IOSv software is provided AS-IS without warranty of any kind. Under no circumstances may this software be used separate from the Cisco Modeling Labs Software that this software was provided with, or deployed or used as part of a production environment.\r\n\r\nBy using the software, you agree to abide by the terms and conditions of the Cisco End User License Agreement at http://www.cisco.com/go/eula. Unauthorized use or distribution of this software is expressly prohibited.\r\n'
2026-04-15 10:26:37,245 p=16317 u=root n=p=16317 u=root | paramiko [192.168.0.205] | Authentication (password) successful!
2026-04-15 10:26:37,383 p=16320 u=root n=p=16320 u=root | paramiko [192.168.0.203] | Auth banner: b'\r\nIOSv - Cisco Systems Confidential -\r\n\r\nSupplemental End User License Restrictions\r\n\r\nThis IOSv software is provided AS-IS without warranty of any kind. Under no circumstances may this software be used separate from the Cisco Modeling Labs Software that this software was provided with, or deployed or used as part of a production environment.\r\n\r\nBy using the software, you agree to abide by the terms and conditions of the Cisco End User License Agreement at http://www.cisco.com/go/eula. Unauthorized use or distribution of this software is expressly prohibited.\r\n'
2026-04-15 10:26:37,399 p=16320 u=root n=p=16320 u=root | paramiko [192.168.0.203] | Authentication (password) successful!
2026-04-15 10:26:37,479 p=16325 u=root n=p=16325 u=root | paramiko [192.168.0.204] | Auth banner: b'\r\nIOSv - Cisco Systems Confidential -\r\n\r\nSupplemental End User License Restrictions\r\n\r\nThis IOSv software is provided AS-IS without warranty of any kind. Under no circumstances may this software be used separate from the Cisco Modeling Labs Software that this software was provided with, or deployed or used as part of a production environment.\r\n\r\nBy using the software, you agree to abide by the terms and conditions of the Cisco End User License Agreement at http://www.cisco.com/go/eula. Unauthorized use or distribution of this software is expressly prohibited.\r\n'
2026-04-15 10:26:37,493 p=16325 u=root n=p=16325 u=root | paramiko [192.168.0.204] | Authentication (password) successful!
2026-04-15 10:26:41,944 p=16303 u=root n=ansible | changed: [sw03] => (item=[{'id': 40, 'name': 'COSTUMER', 'ports': ['GigabitEthernet0/1']}, 'GigabitEthernet0/1'])
2026-04-15 10:26:41,947 p=16303 u=root n=ansible | [WARNING]: To ensure idempotency and correct diff the input configuration lines should be similar to how they appear if present in the running configuration on device

2026-04-15 10:26:42,086 p=16303 u=root n=ansible | changed: [sw02] => (item=[{'id': 40, 'name': 'COSTUMER', 'ports': ['GigabitEthernet0/1']}, 'GigabitEthernet0/1'])
2026-04-15 10:26:42,229 p=16303 u=root n=ansible | changed: [sw01] => (item=[{'id': 40, 'name': 'COSTUMER', 'ports': ['GigabitEthernet0/1']}, 'GigabitEthernet0/1'])
2026-04-15 10:26:42,233 p=16303 u=root n=ansible | TASK [Delete VLANs] *****************************************************************************************************************************************************************************
2026-04-15 10:26:47,396 p=16303 u=root n=ansible | changed: [sw02] => (item={'id': 40, 'name': 'COSTUMER', 'ports': ['GigabitEthernet0/1']})
2026-04-15 10:26:47,534 p=16303 u=root n=ansible | changed: [sw03] => (item={'id': 40, 'name': 'COSTUMER', 'ports': ['GigabitEthernet0/1']})
2026-04-15 10:26:47,544 p=16303 u=root n=ansible | changed: [sw01] => (item={'id': 40, 'name': 'COSTUMER', 'ports': ['GigabitEthernet0/1']})
2026-04-15 10:26:47,548 p=16303 u=root n=ansible | PLAY RECAP **************************************************************************************************************************************************************************************
2026-04-15 10:26:47,549 p=16303 u=root n=ansible | sw01                       : ok=2    changed=2    unreachable=0    failed=0    skipped=0    rescued=0    ignored=0   
2026-04-15 10:26:47,549 p=16303 u=root n=ansible | sw02                       : ok=2    changed=2    unreachable=0    failed=0    skipped=0    rescued=0    ignored=0   
2026-04-15 10:26:47,550 p=16303 u=root n=ansible | sw03                       : ok=2    changed=2    unreachable=0    failed=0    skipped=0    rescued=0    ignored=0   
2026-04-15 10:26:57,759 p=16159 u=root n=ansible | persistent connection idle timeout triggered, timeout value is 30 secs.
See the timeout setting options in the Network Debug and Troubleshooting Guide.
2026-04-15 10:26:57,861 p=16159 u=root n=ansible | shutdown complete
2026-04-15 10:26:57,969 p=16162 u=root n=ansible | persistent connection idle timeout triggered, timeout value is 30 secs.
See the timeout setting options in the Network Debug and Troubleshooting Guide.
2026-04-15 10:26:58,064 p=16165 u=root n=ansible | persistent connection idle timeout triggered, timeout value is 30 secs.
See the timeout setting options in the Network Debug and Troubleshooting Guide.
2026-04-15 10:26:58,070 p=16162 u=root n=ansible | shutdown complete
2026-04-15 10:26:58,166 p=16165 u=root n=ansible | shutdown complete
2026-04-15 10:27:17,391 p=16325 u=root n=ansible | persistent connection idle timeout triggered, timeout value is 30 secs.
See the timeout setting options in the Network Debug and Troubleshooting Guide.
2026-04-15 10:27:17,493 p=16325 u=root n=ansible | shutdown complete
2026-04-15 10:27:17,532 p=16317 u=root n=ansible | persistent connection idle timeout triggered, timeout value is 30 secs.
See the timeout setting options in the Network Debug and Troubleshooting Guide.
2026-04-15 10:27:17,542 p=16320 u=root n=ansible | persistent connection idle timeout triggered, timeout value is 30 secs.
See the timeout setting options in the Network Debug and Troubleshooting Guide.
2026-04-15 10:27:17,634 p=16317 u=root n=ansible | shutdown complete
2026-04-15 10:27:17,644 p=16320 u=root n=ansible | shutdown complete
